<?xml version="1.0" encoding="UTF-8"?>

<mule xmlns:scripting="http://www.mulesoft.org/schema/mule/scripting" xmlns:db="http://www.mulesoft.org/schema/mule/db"
    xmlns:salesforce="http://www.mulesoft.org/schema/mule/salesforce" xmlns:ee="http://www.mulesoft.org/schema/mule/ee/core"
    xmlns:xsi="http://www.w3.org/2001/XMLSchema-instance" xmlns:munit="http://www.mulesoft.org/schema/mule/munit"
    xmlns:munit-tools="http://www.mulesoft.org/schema/mule/munit-tools" xmlns="http://www.mulesoft.org/schema/mule/core"
    xmlns:doc="http://www.mulesoft.org/schema/mule/documentation"
    xsi:schemaLocation="
		http://www.mulesoft.org/schema/mule/core http://www.mulesoft.org/schema/mule/core/current/mule.xsd
		http://www.mulesoft.org/schema/mule/munit http://www.mulesoft.org/schema/mule/munit/current/mule-munit.xsd
		http://www.mulesoft.org/schema/mule/munit-tools  http://www.mulesoft.org/schema/mule/munit-tools/current/mule-munit-tools.xsd
http://www.mulesoft.org/schema/mule/ee/core http://www.mulesoft.org/schema/mule/ee/core/current/mule-ee.xsd
http://www.mulesoft.org/schema/mule/salesforce http://www.mulesoft.org/schema/mule/salesforce/current/mule-salesforce.xsd
http://www.mulesoft.org/schema/mule/db http://www.mulesoft.org/schema/mule/db/current/mule-db.xsd
http://www.mulesoft.org/schema/mule/scripting http://www.mulesoft.org/schema/mule/scripting/current/mule-scripting.xsd">
    <munit:config name="test-suite.xml" />
    <configuration-properties doc:name="Configuration properties" doc:id="9e8a4588-dd13-4dba-9d1b-11d27d8055a0"
    file="mule.test.properties" />
    <configuration-properties doc:name="Configuration properties" doc:id="15f05c46-a8fb-4158-858d-567c82a6251e"
        file="common.properties" />
    <munit:before-test name="test-suite-Before_Test" description="Before tests actions" doc:id="a3beaa88-70a2-40d5-b494-deacc5517499">
        <ee:transform doc:name="Set unique testing numbers for sfdc query" doc:id="539b97d4-daf5-43c5-aab9-eba7759cfb5a">
            <ee:message>
            </ee:message>
            <ee:variables>
                <ee:set-variable variableName="uniqueNums"><![CDATA[%dw 2.0
output application/java
---
{
	'firstNumber'  : 'Tester' ++ randomInt(1000) ++ 'test1',
	'secondNumber' : 'Tester' ++ randomInt(1000) ++ 'test2'
}]]></ee:set-variable>
            </ee:variables>
        </ee:transform>
        <ee:transform doc:name="Set Salesforce query" doc:id="35f12de3-0d4c-4957-a622-e9b7e1aad34b">
            <ee:message>
            </ee:message>
            <ee:variables>
                <ee:set-variable variableName="sfdcData"><![CDATA[%dw 2.0
output application/java
---
[{	
	FirstName: vars.uniqueNums.firstNumber,
	LastName: "TestLastName1",
	Phone: "123-21-21-111111",
	Email: "test@hotovo.org"
},
{	
	FirstName: vars.uniqueNums.secondNumber,
	LastName: "TestLastName2",
	Phone: "123-23-23-333333-777777",
	Email: "updatedtestemail@hotovo.org"
}
]]]></ee:set-variable>
            </ee:variables>
        </ee:transform>
        <salesforce:create type="Contact" doc:name="Create contacts" doc:id="d8f6caf7-bc8e-4790-a6c3-721a7374b4bb"
            config-ref="Salesforce_Sfdc_config">
            <salesforce:records><![CDATA[#[vars.sfdcData]]]></salesforce:records>
        </salesforce:create>
        <set-variable value="#[payload map ($.id)]" doc:name="Set sfdcIds Variable" doc:id="816d3545-004c-467b-bf08-2539c07c811c"
            variableName="sfdcIds" />
        <ee:transform doc:name="Set Contact for DB" doc:id="50509b35-3f3d-4750-9d4c-729b7e419f29">
            <ee:message>
            </ee:message>
            <ee:variables>
				<ee:set-variable variableName="contact" ><![CDATA[%dw 2.0
output application/java
---
{
	'firstName': vars.sfdcData[1].FirstName,
	'lastName': vars.sfdcData[1].LastName,
	'phone': vars.sfdcData[1].Phone,
	'name': vars.sfdcData[1].FirstName ++ ' ' ++ vars.sfdcData[1].LastName
}

]]></ee:set-variable>
			</ee:variables>
		</ee:transform>
		<db:insert doc:name="Insert Contact" doc:id="621fce25-085d-4105-84f3-04a81dcb0177" config-ref="Database_Config">
            <db:sql>INSERT INTO Contact (
                FirstName,
                LastName,
                Phone,
                Name,
                Email
                ) VALUES (
                :firstName,
                :lastName,
                :phone,
                :name,
                'test.db@test.com'
                )
            </db:sql>
            <db:input-parameters><![CDATA[#[vars.contact]]]></db:input-parameters>
        </db:insert>
        <munit-tools:mock-when doc:name="Mock email processor to avoid sending email" doc:id="022f1ec6-722b-439d-9c09-560e4d9b7a04"
            processor="email:send">
            <munit-tools:then-return />
        </munit-tools:mock-when>
    </munit:before-test>
    <munit:test name="test-suite-businessLogicFlowTest" description="Test" doc:id="3810e133-0828-431e-85e5-e1fd4f18d7d9">
        <munit:execution>
            <flow-ref doc:name="Call businessLogicFlow" doc:id="d068e080-2d03-4237-a557-b84eb2548210" name="businessLogicFlow" />
            <scripting:execute engine="groovy" doc:name="Wait for 10 seconds" doc:id="12482f9a-4216-449a-a0d7-289ac41def57">
                <scripting:code>sleep(10000)</scripting:code>
            </scripting:execute>
			<db:select doc:name="Select first test contact" doc:id="f4a6b197-fadd-4a8f-9b44-e8a7e8e634f5" config-ref="Database_Config" target="resultCreate">
            <db:sql>SELECT ID FROM Contact WHERE FirstName = :firstName</db:sql>
            <db:input-parameters><![CDATA[#[{'firstName' : vars.uniqueNums.firstNumber}]]]></db:input-parameters>
        </db:select>
			<db:select doc:name="Select second test contact" doc:id="2608a13a-ec86-4b29-a645-d293b3a105d2" config-ref="Database_Config" target="resultUpdate">
            <db:sql>SELECT Email FROM Contact WHERE FirstName = :firstName</db:sql>
            <db:input-parameters><![CDATA[#[{'firstName' : vars.uniqueNums.secondNumber}]]]></db:input-parameters>
        </db:select>
			<salesforce:delete doc:name="Delete test Contacts" doc:id="46f32bb4-5c1f-440f-8e9a-4fadab199b14" config-ref="Salesforce_Sfdc_config">
            <salesforce:delete-ids><![CDATA[#[vars.sfdcIds]]]></salesforce:delete-ids>
        </salesforce:delete>
        </munit:execution>
		<munit:validation >
			<munit-tools:assert-that doc:name="Assert that first Contact was added to Database" doc:id="16839e8d-8196-4edc-b54b-ec2292b55731" is="#[MunitTools::equalTo(1)]" expression="#[sizeOf(vars.resultCreate)]" message="Contact wasn't added to Database"/>
			<munit-tools:assert-that doc:name="Assert that second Contact was updated" doc:id="7997fa0b-233b-4690-add1-66d9e49988e4" expression="#[vars.resultUpdate[0].Email]" is="#[MunitTools::equalTo(vars.sfdcData[1].Email)]" message="Contact wasn't updated in Database"/>
		</munit:validation>
    </munit:test>
    <munit:after-test name="test-suite-After_Test" description="After tests actions" doc:id="34f07619-c9de-4d4c-af33-256f4ea8e01a">
		<db:delete doc:name="Delete test Contacts" doc:id="99515fc7-4f78-4973-830a-c74357d7c688" config-ref="Database_Config">
            <db:sql>DELETE FROM Contact WHERE FirstName IN (:firstName1, :firstName2)</db:sql>
            <db:input-parameters><![CDATA[#[{
'firstName1' : vars.uniqueNums.firstNumber,
'firstName2' : vars.uniqueNums.secondNumber
}]]]></db:input-parameters>
        </db:delete>
    </munit:after-test>
</mule>
